# JRE version: OpenJDK Runtime Environment (7.0_65-b32) (build 1.7.0_65-b32)
# Java VM: OpenJDK 64-Bit Server VM (24.65-b04 mixed mode linux-amd64 compressed oops)
Heap
 PSYoungGen      total 131584K, used 105997K [0x00000000ec000000, 0x00000000fc500000, 0x0000000100000000)
  eden space 122880K, 79% used [0x00000000ec000000,0x00000000f1f03f30,0x00000000f3800000)
  from space 8704K, 99% used [0x00000000f3800000,0x00000000f407f4d8,0x00000000f4080000)
  to   space 10752K, 0% used [0x00000000fba80000,0x00000000fba80000,0x00000000fc500000)
 ParOldGen       total 40960K, used 17439K [0x00000000c4000000, 0x00000000c6800000, 0x00000000ec000000)
  object space 40960K, 42% used [0x00000000c4000000,0x00000000c5107c40,0x00000000c6800000)
 PSPermGen       total 32768K, used 32284K [0x00000000b9a00000, 0x00000000bba00000, 0x00000000c4000000)
  object space 32768K, 98% used [0x00000000b9a00000,0x00000000bb987128,0x00000000bba00000)
GC Heap History (10 events):
Event: 1.860 GC heap before
{Heap before GC invocations=3 (full 0):
 PSYoungGen      total 33280K, used 33265K [0x00000000ec000000, 0x00000000ee300000, 0x0000000100000000)
  eden space 30720K, 100% used [0x00000000ec000000,0x00000000ede00000,0x00000000ede00000)
  from space 2560K, 99% used [0x00000000ee080000,0x00000000ee2fc470,0x00000000ee300000)
  to   space 2560K, 0% used [0x00000000ede00000,0x00000000ede00000,0x00000000ee080000)
 ParOldGen       total 40960K, used 2384K [0x00000000c4000000, 0x00000000c6800000, 0x00000000ec000000)
  object space 40960K, 5% used [0x00000000c4000000,0x00000000c4254068,0x00000000c6800000)
 PSPermGen       total 21504K, used 16313K [0x00000000b9a00000, 0x00000000baf00000, 0x00000000c4000000)
  object space 21504K, 75% used [0x00000000b9a00000,0x00000000ba9ee590,0x00000000baf00000)
Event: 1.876 GC heap after
Heap after GC invocations=3 (full 0):
 PSYoungGen      total 33280K, used 2544K [0x00000000ec000000, 0x00000000f0100000, 0x0000000100000000)
  eden space 30720K, 0% used [0x00000000ec000000,0x00000000ec000000,0x00000000ede00000)
  from space 2560K, 99% used [0x00000000ede00000,0x00000000ee07c010,0x00000000ee080000)
  to   space 2560K, 0% used [0x00000000efe80000,0x00000000efe80000,0x00000000f0100000)
 ParOldGen       total 40960K, used 6336K [0x00000000c4000000, 0x00000000c6800000, 0x00000000ec000000)
  object space 40960K, 15% used [0x00000000c4000000,0x00000000c4630320,0x00000000c6800000)
 PSPermGen       total 21504K, used 16313K [0x00000000b9a00000, 0x00000000baf00000, 0x00000000c4000000)
  object space 21504K, 75% used [0x00000000b9a00000,0x00000000ba9ee590,0x00000000baf00000)
}
Event: 2.455 GC heap before
{Heap before GC invocations=4 (full 0):
 PSYoungGen      total 33280K, used 33264K [0x00000000ec000000, 0x00000000f0100000, 0x0000000100000000)
  eden space 30720K, 100% used [0x00000000ec000000,0x00000000ede00000,0x00000000ede00000)
  from space 2560K, 99% used [0x00000000ede00000,0x00000000ee07c010,0x00000000ee080000)
  to   space 2560K, 0% used [0x00000000efe80000,0x00000000efe80000,0x00000000f0100000)
 ParOldGen       total 40960K, used 6336K [0x00000000c4000000, 0x00000000c6800000, 0x00000000ec000000)
  object space 40960K, 15% used [0x00000000c4000000,0x00000000c4630320,0x00000000c6800000)
 PSPermGen       total 21504K, used 17621K [0x00000000b9a00000, 0x00000000baf00000, 0x00000000c4000000)
  object space 21504K, 81% used [0x00000000b9a00000,0x00000000bab354e0,0x00000000baf00000)
Event: 2.464 GC heap after
Heap after GC invocations=4 (full 0):
 PSYoungGen      total 64000K, used 2544K [0x00000000ec000000, 0x00000000f0100000, 0x0000000100000000)
  eden space 61440K, 0% used [0x00000000ec000000,0x00000000ec000000,0x00000000efc00000)
  from space 2560K, 99% used [0x00000000efe80000,0x00000000f00fc010,0x00000000f0100000)
  to   space 2560K, 0% used [0x00000000efc00000,0x00000000efc00000,0x00000000efe80000)
 ParOldGen       total 40960K, used 11382K [0x00000000c4000000, 0x00000000c6800000, 0x00000000ec000000)
  object space 40960K, 27% used [0x00000000c4000000,0x00000000c4b1d890,0x00000000c6800000)
 PSPermGen       total 21504K, used 17621K [0x00000000b9a00000, 0x00000000baf00000, 0x00000000c4000000)
  object space 21504K, 81% used [0x00000000b9a00000,0x00000000bab354e0,0x00000000baf00000)
}
Event: 3.370 GC heap before
{Heap before GC invocations=5 (full 0):
 PSYoungGen      total 64000K, used 63984K [0x00000000ec000000, 0x00000000f0100000, 0x0000000100000000)
  eden space 61440K, 100% used [0x00000000ec000000,0x00000000efc00000,0x00000000efc00000)
  from space 2560K, 99% used [0x00000000efe80000,0x00000000f00fc010,0x00000000f0100000)
  to   space 2560K, 0% used [0x00000000efc00000,0x00000000efc00000,0x00000000efe80000)
 ParOldGen       total 40960K, used 11382K [0x00000000c4000000, 0x00000000c6800000, 0x00000000ec000000)
  object space 40960K, 27% used [0x00000000c4000000,0x00000000c4b1d890,0x00000000c6800000)
 PSPermGen       total 21504K, used 21335K [0x00000000b9a00000, 0x00000000baf00000, 0x00000000c4000000)
  object space 21504K, 99% used [0x00000000b9a00000,0x00000000baed5da8,0x00000000baf00000)
Event: 3.381 GC heap after
Heap after GC invocations=5 (full 0):
 PSYoungGen      total 64000K, used 2550K [0x00000000ec000000, 0x00000000f4a00000, 0x0000000100000000)
  eden space 61440K, 0% used [0x00000000ec000000,0x00000000ec000000,0x00000000efc00000)
  from space 2560K, 99% used [0x00000000efc00000,0x00000000efe7d810,0x00000000efe80000)
  to   space 9216K, 0% used [0x00000000f4100000,0x00000000f4100000,0x00000000f4a00000)
 ParOldGen       total 40960K, used 15456K [0x00000000c4000000, 0x00000000c6800000, 0x00000000ec000000)
  object space 40960K, 37% used [0x00000000c4000000,0x00000000c4f180e0,0x00000000c6800000)
 PSPermGen       total 21504K, used 21335K [0x00000000b9a00000, 0x00000000baf00000, 0x00000000c4000000)
  object space 21504K, 99% used [0x00000000b9a00000,0x00000000baed5da8,0x00000000baf00000)
}
Event: 4.108 GC heap before
{Heap before GC invocations=6 (full 0):
 PSYoungGen      total 64000K, used 63990K [0x00000000ec000000, 0x00000000f4a00000, 0x0000000100000000)
  eden space 61440K, 100% used [0x00000000ec000000,0x00000000efc00000,0x00000000efc00000)
  from space 2560K, 99% used [0x00000000efc00000,0x00000000efe7d810,0x00000000efe80000)
  to   space 9216K, 0% used [0x00000000f4100000,0x00000000f4100000,0x00000000f4a00000)
 ParOldGen       total 40960K, used 15456K [0x00000000c4000000, 0x00000000c6800000, 0x00000000ec000000)
  object space 40960K, 37% used [0x00000000c4000000,0x00000000c4f180e0,0x00000000c6800000)
 PSPermGen       total 24064K, used 23743K [0x00000000b9a00000, 0x00000000bb180000, 0x00000000c4000000)
  object space 24064K, 98% used [0x00000000b9a00000,0x00000000bb12fff0,0x00000000bb180000)
Event: 4.118 GC heap after
Heap after GC invocations=6 (full 0):
 PSYoungGen      total 131072K, used 5818K [0x00000000ec000000, 0x00000000f4900000, 0x0000000100000000)
  eden space 122880K, 0% used [0x00000000ec000000,0x00000000ec000000,0x00000000f3800000)
  from space 8192K, 71% used [0x00000000f4100000,0x00000000f46ae960,0x00000000f4900000)
  to   space 8704K, 0% used [0x00000000f3800000,0x00000000f3800000,0x00000000f4080000)
 ParOldGen       total 40960K, used 15456K [0x00000000c4000000, 0x00000000c6800000, 0x00000000ec000000)
  object space 40960K, 37% used [0x00000000c4000000,0x00000000c4f180e0,0x00000000c6800000)
 PSPermGen       total 24064K, used 23743K [0x00000000b9a00000, 0x00000000bb180000, 0x00000000c4000000)
  object space 24064K, 98% used [0x00000000b9a00000,0x00000000bb12fff0,0x00000000bb180000)
}
Event: 195.775 GC heap before
{Heap before GC invocations=7 (full 0):
 PSYoungGen      total 131072K, used 128698K [0x00000000ec000000, 0x00000000f4900000, 0x0000000100000000)
  eden space 122880K, 100% used [0x00000000ec000000,0x00000000f3800000,0x00000000f3800000)
  from space 8192K, 71% used [0x00000000f4100000,0x00000000f46ae960,0x00000000f4900000)
  to   space 8704K, 0% used [0x00000000f3800000,0x00000000f3800000,0x00000000f4080000)
 ParOldGen       total 40960K, used 15456K [0x00000000c4000000, 0x00000000c6800000, 0x00000000ec000000)
  object space 40960K, 37% used [0x00000000c4000000,0x00000000c4f180e0,0x00000000c6800000)
 PSPermGen       total 28672K, used 28570K [0x00000000b9a00000, 0x00000000bb600000, 0x00000000c4000000)
  object space 28672K, 99% used [0x00000000b9a00000,0x00000000bb5e6ae0,0x00000000bb600000)
Event: 195.814 GC heap after
Heap after GC invocations=7 (full 0):
 PSYoungGen      total 131584K, used 8701K [0x00000000ec000000, 0x00000000fc500000, 0x0000000100000000)
  eden space 122880K, 0% used [0x00000000ec000000,0x00000000ec000000,0x00000000f3800000)
  from space 8704K, 99% used [0x00000000f3800000,0x00000000f407f4d8,0x00000000f4080000)
  to   space 10752K, 0% used [0x00000000fba80000,0x00000000fba80000,0x00000000fc500000)
 ParOldGen       total 40960K, used 17439K [0x00000000c4000000, 0x00000000c6800000, 0x00000000ec000000)
  object space 40960K, 42% used [0x00000000c4000000,0x00000000c5107c40,0x00000000c6800000)
 PSPermGen       total 28672K, used 28570K [0x00000000b9a00000, 0x00000000bb600000, 0x00000000c4000000)
  object space 28672K, 99% used [0x00000000b9a00000,0x00000000bb5e6ae0,0x00000000bb600000)
}

